<?xml version="1.0" encoding="UTF-8"?>
<!-- Generated by org.testng.reporters.JUnitReportReporter -->
<testsuite skipped="0" hostname="DESKTOP-0QI34UK" name="qaclickacademy.RESTApi" tests="2" failures="0" timestamp="01 Apr 2020 02:06:34 GMT" time="0.016" errors="0">
  <testcase name="AppTest1" time="0.015" classname="qaclickacademy.RESTApi"/>
  <testcase name="AppTest2" time="0.001" classname="qaclickacademy.RESTApi"/>
</testsuite> <!-- qaclickacademy.RESTApi -->
