<?xml version="1.0" encoding="UTF-8"?>
<!-- Generated by org.testng.reporters.JUnitReportReporter -->
<testsuite skipped="0" hostname="DESKTOP-0QI34UK" name="qaclickacademy.AppiumTest" tests="2" failures="0" timestamp="01 Apr 2020 01:49:36 GMT" time="0.037" errors="0">
  <testcase name="AppTest1" time="0.034" classname="qaclickacademy.AppiumTest"/>
  <testcase name="AppTest2" time="0.003" classname="qaclickacademy.AppiumTest"/>
</testsuite> <!-- qaclickacademy.AppiumTest -->
