<?xml version="1.0" encoding="UTF-8"?>
<!-- Generated by org.testng.reporters.JUnitReportReporter -->
<testsuite skipped="0" hostname="DESKTOP-0QI34UK" name="qaclickacademy.SeleniumTest" tests="2" failures="0" timestamp="01 Apr 2020 02:08:34 GMT" time="0.000" errors="0">
  <testcase name="selTest1" time="0.000" classname="qaclickacademy.SeleniumTest"/>
  <testcase name="selTest2" time="0.000" classname="qaclickacademy.SeleniumTest"/>
</testsuite> <!-- qaclickacademy.SeleniumTest -->
